<?xml version="1.0" encoding="UTF-8"?>
<!-- Generated by org.testng.reporters.JUnitReportReporter -->
<testsuite hostname="THP_ManojJ" failures="0" tests="2" name="RegressionSuit.VerifyReactionComment1" time="76.602" errors="0" timestamp="17 May 2023 14:55:11 GMT">
  <testcase classname="RegressionSuit.VerifyReactionComment1" name="verifyReactionElementZeroGreaterThenOne" time="39.506"/>
  <testcase classname="RegressionSuit.VerifyReactionComment1" name="verifyTestReactionElementYou" time="37.096"/>
</testsuite> <!-- RegressionSuit.VerifyReactionComment1 -->
