<?xml version="1.0" encoding="UTF-8"?>
<!-- Generated by org.testng.reporters.JUnitReportReporter -->
<testsuite hostname="THP_ManojJ" failures="0" tests="7" name="RegressionSuit.VerifyPageRandR" time="179.942" errors="0" timestamp="22 May 2023 12:46:50 GMT">
  <testcase classname="RegressionSuit.VerifyPageRandR" name="verifyPromotions" time="18.368"/>
  <testcase classname="RegressionSuit.VerifyPageRandR" name="CommentWithReaction" time="29.741"/>
  <testcase classname="RegressionSuit.VerifyPageRandR" name="verifyReactionElementZeroGreaterThenOne" time="36.636"/>
  <testcase classname="RegressionSuit.VerifyPageRandR" name="testCommentcount" time="0.156"/>
  <testcase classname="RegressionSuit.VerifyPageRandR" name="verifyAccolades" time="30.671"/>
  <testcase classname="RegressionSuit.VerifyPageRandR" name="verifyPageRandRAwards" time="55.262"/>
  <testcase classname="RegressionSuit.VerifyPageRandR" name="verifycommentCountElement" time="9.108"/>
</testsuite> <!-- RegressionSuit.VerifyPageRandR -->
