<?xml version="1.0" encoding="UTF-8"?>
<!-- Generated by org.testng.reporters.JUnitReportReporter -->
<testsuite hostname="THP_ManojJ" failures="0" tests="1" name="com.MyConnect.Automation.test.Runner" time="4.108" errors="0" timestamp="1 Mar 2023 22:16:31 GMT">
  <testcase classname="com.MyConnect.Automation.test.Runner" name="SC001" time="4.108"/>
</testsuite> <!-- com.MyConnect.Automation.test.Runner -->
