<?xml version="1.0" encoding="UTF-8"?>
<!-- Generated by org.testng.reporters.JUnitReportReporter -->
<testsuite hostname="THP_ManojJ" failures="0" tests="1" name="RegressionSuit.VerifyHPmenu" time="9.098" errors="0" timestamp="17 May 2023 14:55:11 GMT">
  <testcase classname="RegressionSuit.VerifyHPmenu" name="verifyHPmenu" time="9.098"/>
</testsuite> <!-- RegressionSuit.VerifyHPmenu -->
