<?xml version="1.0" encoding="UTF-8"?>
<!-- Generated by org.testng.reporters.JUnitReportReporter -->
<testsuite hostname="THP_ManojJ" failures="0" tests="2" name="RegressionSuit.VerifyCompanyWithHearts" time="128.473" errors="0" timestamp="22 May 2023 12:43:03 GMT">
  <testcase classname="RegressionSuit.VerifyCompanyWithHearts" name="verifyCompanyWithHearts" time="116.436"/>
  <testcase classname="RegressionSuit.VerifyCompanyWithHearts" name="testCommentcount" time="12.037"/>
</testsuite> <!-- RegressionSuit.VerifyCompanyWithHearts -->
