<?xml version="1.0" encoding="UTF-8"?>
<!-- Generated by org.testng.reporters.JUnitReportReporter -->
<testsuite hostname="THP_ManojJ" failures="0" tests="1" name="RegressionSuit.Verifydate" time="21.144" errors="0" timestamp="10 May 2023 15:13:28 GMT">
  <testcase classname="RegressionSuit.Verifydate" name="verifypostdate" time="21.144"/>
</testsuite> <!-- RegressionSuit.Verifydate -->
