<?xml version="1.0" encoding="UTF-8"?>
<!-- Generated by org.testng.reporters.JUnitReportReporter -->
<testsuite hostname="THP_ManojJ" failures="0" tests="1" name="RegressionSuit.Commentcount" time="21.071" errors="0" timestamp="10 May 2023 14:50:44 GMT">
  <testcase classname="RegressionSuit.Commentcount" name="verifycommentCountElement" time="21.071"/>
</testsuite> <!-- RegressionSuit.Commentcount -->
