<?xml version="1.0" encoding="UTF-8"?>
<!-- Generated by org.testng.reporters.JUnitReportReporter -->
<testsuite hostname="THP_ManojJ" failures="0" tests="1" name="RegressionSuit.Verifycomment1" time="39.693" errors="0" timestamp="31 Mar 2023 04:24:42 GMT">
  <testcase classname="RegressionSuit.Verifycomment1" name="VerifyCommentBox" time="39.693"/>
</testsuite> <!-- RegressionSuit.Verifycomment1 -->
