<?xml version="1.0" encoding="UTF-8"?>
<!-- Generated by org.testng.reporters.JUnitReportReporter -->
<testsuite hostname="THP_ManojJ" failures="0" tests="3" name="RegressionSuit.VerifyCelebrationPage" time="91.959" errors="0" timestamp="22 May 2023 12:39:49 GMT">
  <testcase classname="RegressionSuit.VerifyCelebrationPage" name="verifybirthannouncement" time="30.842"/>
  <testcase classname="RegressionSuit.VerifyCelebrationPage" name="verifybirthdays" time="21.267"/>
  <testcase classname="RegressionSuit.VerifyCelebrationPage" name="verifyanniversaries" time="39.850"/>
</testsuite> <!-- RegressionSuit.VerifyCelebrationPage -->
